#
# There is insufficient memory for the Java Runtime Environment to continue.
# Native memory allocation (mmap) failed to map 134217728 bytes for Failed to commit area from 0x0000000081400000 to 0x0000000089400000 of length 134217728.
# Possible reasons:
#   The system is out of physical RAM or swap space
#   The process is running with CompressedOops enabled, and the Java Heap may be blocking the growth of the native heap
# Possible solutions:
#   Reduce memory load on the system
#   Increase physical memory or swap space
#   Check if swap backing store is full
#   Decrease Java heap size (-Xmx/-Xms)
#   Decrease number of Java threads
#   Decrease Java thread stack sizes (-Xss)
#   Set larger code cache with -XX:ReservedCodeCacheSize=
# This output file may be truncated or incomplete.
#
#  Out of Memory Error (./open/src/hotspot/os/windows/os_windows.cpp:3284), pid=11780, tid=8648
#
# JRE version:  (11.0.14+8) (build )
# Java VM: Java HotSpot(TM) 64-Bit Server VM (11.0.14+8-LTS-263, mixed mode, sharing, tiered, compressed oops, g1 gc, windows-amd64)
# No core dump will be written. Minidumps are not enabled by default on client versions of Windows
#

---------------  S U M M A R Y ------------

Command Line: 

Host: Intel(R) Core(TM) i3-5005U CPU @ 2.00GHz, 4 cores, 7G,  Windows 10 , 64 bit Build 19041 (10.0.19041.1706)
Time: Fri May 27 16:11:23 2022 India Standard Time elapsed time: 0.020534 seconds (0d 0h 0m 0s)

---------------  T H R E A D  ---------------

Current thread (0x0000018e4b6b4000):  JavaThread "Unknown thread" [_thread_in_vm, id=8648, stack(0x0000007781c00000,0x0000007781d00000)]

Stack: [0x0000007781c00000,0x0000007781d00000]
Native frames: (J=compiled Java code, j=interpreted, Vv=VM code, C=native code)
V  [jvm.dll+0x6296da]
V  [jvm.dll+0x76323f]
V  [jvm.dll+0x7648e9]
V  [jvm.dll+0x764f73]
V  [jvm.dll+0x23d7c8]
V  [jvm.dll+0x626a5a]
V  [jvm.dll+0x61b7f5]
V  [jvm.dll+0x2f262c]
V  [jvm.dll+0x2f24b2]
V  [jvm.dll+0x2f71d6]
V  [jvm.dll+0x339bdf]
V  [jvm.dll+0x339610]
V  [jvm.dll+0x2cfc48]
V  [jvm.dll+0x2d0db6]
V  [jvm.dll+0x73d857]
V  [jvm.dll+0x73f0ef]
V  [jvm.dll+0x346909]
V  [jvm.dll+0x723160]
V  [jvm.dll+0x3b551f]
V  [jvm.dll+0x3b7631]
C  [jli.dll+0x5207]
C  [ucrtbase.dll+0x21bb2]
C  [KERNEL32.DLL+0x17034]
C  [ntdll.dll+0x52651]


---------------  P R O C E S S  ---------------

Threads class SMR info:
_java_thread_list=0x0000018e49cfc210, length=0, elements={
}

Java Threads: ( => current thread )

Other Threads:
  0x0000018e4b6ca000 GCTaskThread "GC Thread#0" [stack: 0x0000007781d00000,0x0000007781e00000] [id=14216]
  0x0000018e4b6fa800 ConcurrentGCThread "G1 Main Marker" [stack: 0x0000007781e00000,0x0000007781f00000] [id=10048]
  0x0000018e4b6fd000 ConcurrentGCThread "G1 Conc#0" [stack: 0x0000007781f00000,0x0000007782000000] [id=13584]

[error occurred during error reporting (printing all threads), id 0xc0000005, EXCEPTION_ACCESS_VIOLATION (0xc0000005) at pc=0x00007fffab88eed7]

VM state:not at safepoint (not fully initialized)

VM Mutex/Monitor currently owned by a thread:  ([mutex/lock_event])
[0x0000018e4b6aef90] Heap_lock - owner thread: 0x0000018e4b6b4000

Heap address: 0x0000000081400000, size: 2028 MB, Compressed Oops mode: Non-zero based: 0x0000000081400000
Narrow klass base: 0x0000000000000000, Narrow klass shift: 0

GC Heap History (0 events):
No events

Deoptimization events (0 events):
No events

Classes redefined (0 events):
No events

Internal exceptions (0 events):
No events

Events (0 events):
No events


Dynamic libraries:
0x00007ff676d60000 - 0x00007ff676d6f000 	C:\Program Files\Java\jdk-11.0.14\bin\java.exe
0x00007ff808570000 - 0x00007ff808765000 	C:\Windows\SYSTEM32\ntdll.dll
0x00007ff807930000 - 0x00007ff8079ed000 	C:\Windows\System32\KERNEL32.DLL
0x00007ff806050000 - 0x00007ff80631d000 	C:\Windows\System32\KERNELBASE.dll
0x00007ff805de0000 - 0x00007ff805ee0000 	C:\Windows\System32\ucrtbase.dll
0x00007ffff6870000 - 0x00007ffff6885000 	C:\Program Files\Java\jdk-11.0.14\bin\VCRUNTIME140.dll
0x00007ffff6850000 - 0x00007ffff6868000 	C:\Program Files\Java\jdk-11.0.14\bin\jli.dll
0x00007ff807f70000 - 0x00007ff80801e000 	C:\Windows\System32\ADVAPI32.dll
0x00007ff806880000 - 0x00007ff80691e000 	C:\Windows\System32\msvcrt.dll
0x00007ff808090000 - 0x00007ff80812c000 	C:\Windows\System32\sechost.dll
0x00007ff808400000 - 0x00007ff808525000 	C:\Windows\System32\RPCRT4.dll
0x00007ff807780000 - 0x00007ff807920000 	C:\Windows\System32\USER32.dll
0x00007ffff5a10000 - 0x00007ffff5caa000 	C:\Windows\WinSxS\amd64_microsoft.windows.common-controls_6595b64144ccf1df_6.0.19041.1110_none_60b5254171f9507e\COMCTL32.dll
0x00007ff806540000 - 0x00007ff806562000 	C:\Windows\System32\win32u.dll
0x00007ff8066a0000 - 0x00007ff8066ca000 	C:\Windows\System32\GDI32.dll
0x00007ff806430000 - 0x00007ff80653b000 	C:\Windows\System32\gdi32full.dll
0x00007ffff6040000 - 0x00007ffff604a000 	C:\Windows\SYSTEM32\VERSION.dll
0x00007ff806390000 - 0x00007ff80642d000 	C:\Windows\System32\msvcp_win.dll
0x00007ff8065c0000 - 0x00007ff8065f0000 	C:\Windows\System32\IMM32.DLL
0x00007fffdc250000 - 0x00007fffdc2eb000 	C:\Program Files\Java\jdk-11.0.14\bin\msvcp140.dll
0x00007fffab5b0000 - 0x00007fffac0c6000 	C:\Program Files\Java\jdk-11.0.14\bin\server\jvm.dll
0x00007ff807920000 - 0x00007ff807928000 	C:\Windows\System32\PSAPI.DLL
0x00007ff8043f0000 - 0x00007ff8043f9000 	C:\Windows\SYSTEM32\WSOCK32.dll
0x00007ffff5800000 - 0x00007ffff5827000 	C:\Windows\SYSTEM32\WINMM.dll
0x00007ff808020000 - 0x00007ff80808b000 	C:\Windows\System32\WS2_32.dll
0x00007ff804510000 - 0x00007ff804522000 	C:\Windows\SYSTEM32\kernel.appcore.dll
0x00007ff8006f0000 - 0x00007ff800700000 	C:\Program Files\Java\jdk-11.0.14\bin\verify.dll
0x00007ff8041e0000 - 0x00007ff8043c4000 	C:\Windows\SYSTEM32\DBGHELP.DLL
0x00007ffff2a70000 - 0x00007ffff2a9c000 	C:\Windows\SYSTEM32\dbgcore.DLL
0x00007ff805fc0000 - 0x00007ff806042000 	C:\Windows\System32\bcryptPrimitives.dll
0x00007fffeb300000 - 0x00007fffeb328000 	C:\Program Files\Java\jdk-11.0.14\bin\java.dll
0x00007ff8001f0000 - 0x00007ff8001fa000 	C:\Program Files\Java\jdk-11.0.14\bin\jimage.dll
0x00007fffeb2e0000 - 0x00007fffeb2f6000 	C:\Program Files\Java\jdk-11.0.14\bin\zip.dll

dbghelp: loaded successfully - version: 4.0.5 - missing functions: none
symbol engine: initialized successfully - sym options: 0x614 - pdb path: .;C:\Program Files\Java\jdk-11.0.14\bin;C:\Windows\SYSTEM32;C:\Windows\WinSxS\amd64_microsoft.windows.common-controls_6595b64144ccf1df_6.0.19041.1110_none_60b5254171f9507e;C:\Program Files\Java\jdk-11.0.14\bin\server

VM Arguments:
java_command: <unknown>
java_class_path (initial): <not set>
Launcher Type: SUN_STANDARD

[Global flags]
     intx CICompilerCount                          = 3                                         {product} {ergonomic}
     uint ConcGCThreads                            = 1                                         {product} {ergonomic}
     uint G1ConcRefinementThreads                  = 4                                         {product} {ergonomic}
   size_t G1HeapRegionSize                         = 1048576                                   {product} {ergonomic}
    uintx GCDrainStackTargetSize                   = 64                                        {product} {ergonomic}
   size_t InitialHeapSize                          = 134217728                                 {product} {ergonomic}
   size_t MarkStackSize                            = 4194304                                   {product} {ergonomic}
   size_t MaxHeapSize                              = 2126512128                                {product} {ergonomic}
   size_t MinHeapDeltaBytes                        = 1048576                                   {product} {ergonomic}
    uintx NonNMethodCodeHeapSize                   = 5830732                                {pd product} {ergonomic}
    uintx NonProfiledCodeHeapSize                  = 122913754                              {pd product} {ergonomic}
    uintx ProfiledCodeHeapSize                     = 122913754                              {pd product} {ergonomic}
    uintx ReservedCodeCacheSize                    = 251658240                              {pd product} {ergonomic}
     bool SegmentedCodeCache                       = true                                      {product} {ergonomic}
     bool UseCompressedClassPointers               = true                                 {lp64_product} {ergonomic}
     bool UseCompressedOops                        = true                                 {lp64_product} {ergonomic}
     bool UseG1GC                                  = true                                      {product} {ergonomic}
     bool UseLargePagesIndividualAllocation        = false                                  {pd product} {ergonomic}

Logging:
Log output configuration:
 #0: stdout all=warning uptime,level,tags
 #1: stderr all=off uptime,level,tags

Environment Variables:
PATH=C:\Program Files\Common Files\Oracle\Java\javapath;C:\Program Files (x86)\Common Files\Oracle\Java\javapath;C:\Windows\system32;C:\Windows;C:\Windows\System32\Wbem;C:\Windows\System32\WindowsPowerShell\v1.0\;C:\Windows\System32\OpenSSH\;C:\Program Files\nodejs\;C:\Program Files (x86)\Yarn\bin\;C:\Program Files\Git\cmd;C:\Program Files (x86)\GtkSharp\2.12\bin;C:\Program Files\dotnet\;C:\Program Files\Intel\WiFi\bin\;C:\Program Files\Common Files\Intel\WirelessCommon\;C:\Program Files\Java\jdk1.8.0_281\bin;C:\Users\ADMIN\AppData\Local\Programs\Microsoft VS Code\bin;C:\Users\ADMIN\Downloads\platform-tools_r30.0.5-windows\platform-tools;C:\Program Files\Intel\WiFi\bin\;C:\Program Files\Common Files\Intel\WirelessCommon\
USERNAME=ADMIN
OS=Windows_NT
PROCESSOR_IDENTIFIER=Intel64 Family 6 Model 61 Stepping 4, GenuineIntel



---------------  S Y S T E M  ---------------

OS: Windows 10 , 64 bit Build 19041 (10.0.19041.1706)

CPU:total 4 (initial active 4) (2 cores per cpu, 2 threads per core) family 6 model 61 stepping 4 microcode 0x2d, cmov, cx8, fxsr, mmx, sse, sse2, sse3, ssse3, sse4.1, sse4.2, popcnt, avx, avx2, aes, clmul, erms, 3dnowpref, lzcnt, ht, tsc, tscinvbit, bmi1, bmi2, adx, fma

Memory: 4k page, system-wide physical 8104M (676M free)
TotalPageFile size 14323M (AvailPageFile size 56M)
current process WorkingSet (physical memory assigned to process): 9M, peak: 9M
current process commit charge ("private bytes"): 51M, peak: 179M

vm_info: Java HotSpot(TM) 64-Bit Server VM (11.0.14+8-LTS-263) for windows-amd64 JRE (11.0.14+8-LTS-263), built on Dec  7 2021 21:53:57 by "mach5one" with MS VC++ 15.9 (VS2017)

END.
